     1                                  bits 32 ; assembling for the 32 bits architecture
     2                                  
     3                                  ; declare the EntryPoint (a label defining the very first instruction of the program)
     4                                  global start        
     5                                  
     6                                  ; declare external functions needed by our program
     7                                  extern exit               ; tell nasm that exit exists even if we won't be defining it
     8                                  import exit msvcrt.dll    ; exit is a function that ends the calling process. It is defined in msvcrt.dll
     9                                                            ; msvcrt.dll contains exit, printf and all the other important C-runtime specific functions
    10                                  
    11                                  ; our data is declared here (the variables needed by our program)
    12                                  segment data use32 class=data
    13                                      ; ...
    14 00000000 6D657373616765              a db 'message'
    15                                      l equ $-a
    16 00000007 <res 00000007>              b resb l
    17                                  
    18                                  ; our code starts here
    19                                  segment code use32 class=code
    20                                      start:
    21                                          ; ...
    22 00000000 BE07000000                      mov ESI,l
    23                                          label:
    24 00000005 8A86[FFFFFFFF]                  mov AL,[a+ESI-1]
    25                                          
    26 0000000B 2C20                            sub AL,'a'-'A'
    27 0000000D 8886[06000000]                  mov [b+ESI-1],AL
    28 00000013 4E                              dec ESI
    29 00000014 75EF                            jne label
    30                                          ; exit(0)
    31 00000016 6A00                            push    dword 0      ; push the parameter for exit onto the stack
    32 00000018 FF15[00000000]                  call    [exit]       ; call exit to terminate the program
