     1                                  bits 32 ; assembling for the 32 bits architecture
     2                                  
     3                                  ; declare the EntryPoint (a label defining the very first instruction of the program)
     4                                  global start        
     5                                  
     6                                  ; declare external functions needed by our program
     7                                  extern exit               ; tell nasm that exit exists even if we won't be defining it
     8                                  import exit msvcrt.dll    ; exit is a function that ends the calling process. It is defined in msvcrt.dll
     9                                                            ; msvcrt.dll contains exit, printf and all the other important C-runtime specific functions
    10                                  
    11                                  ; our data is declared here (the variables needed by our program)
    12                                  segment data use32 class=data
    13                                      ; ...
    14 00000000 0A                          a db 10
    15 00000001 02                          b db 2
    16 00000002 03                          c db 3 
    17 00000003 04                          d db 4
    18 00000004 <res 00000001>              x resb 1
    19                                  
    20                                  ; our code starts here
    21                                  segment code use32 class=code
    22                                      start:
    23                                          ; ...
    24 00000000 A0[01000000]                    mov al,[b]
    25 00000005 F625[02000000]                  mul byte [c]
    26 0000000B 8A1D[00000000]                  mov bl,[a]
    27 00000011 B700                            mov bh,0
    28 00000013 6629C3                          sub bx,ax
    29 00000016 6689D8                          mov ax,bx
    30 00000019 F635[03000000]                  div byte [d]
    31 0000001F A2[04000000]                    mov [x],al
    32                                          
    33                                          
    34                                          ; exit(0)
    35 00000024 6A00                            push    dword 0      ; push the parameter for exit onto the stack
    36 00000026 FF15[00000000]                  call    [exit]       ; call exit to terminate the program
