     1                                  bits 32 ; assembling for the 32 bits architecture
     2                                  
     3                                  ; declare the EntryPoint (a label defining the very first instruction of the program)
     4                                  global start        
     5                                  
     6                                  ; declare external functions needed by our program
     7                                  extern exit               ; tell nasm that exit exists even if we won't be defining it
     8                                  import exit msvcrt.dll    ; exit is a function that ends the calling process. It is defined in msvcrt.dll
     9                                                            ; msvcrt.dll contains exit, printf and all the other important C-runtime specific functions
    10                                  
    11                                  ; our data is declared here (the variables needed by our program)
    12                                  segment data use32 class=data
    13                                      ; ...
    14 00000000 0A                          a db 10
    15 00000001 0200                        b dw 2
    16 00000003 03                          c db 3 
    17 00000004 04                          d db 4
    18 00000005 <res 00000001>              x resb 1
    19                                  
    20                                  ; our code starts here
    21                                  segment code use32 class=code
    22                                      start:
    23                                          ; ...
    24 00000000 B400                            mov ah,0
    25 00000002 A0[00000000]                    mov al,[a]
    26 00000007 66F725[01000000]                mul word [b]
    27 0000000E 8A1D[04000000]                  mov bl,[d]
    28 00000014 B700                            mov bh,0
    29 00000016 66F7F3                          div bx
    30 00000019 2A1D[03000000]                  sub bl,[c]
    31 0000001F 881D[05000000]                  mov [x],bl
    32                                          ; exit(0)
    33 00000025 6A00                            push    dword 0      ; push the parameter for exit onto the stack
    34 00000027 FF15[00000000]                  call    [exit]       ; call exit to terminate the program
