     1                                  bits 32 ; assembling for the 32 bits architecture
     2                                  
     3                                  ; declare the EntryPoint (a label defining the very first instruction of the program)
     4                                  global start        
     5                                  
     6                                  ; declare external functions needed by our program
     7                                  extern exit               ; tell nasm that exit exists even if we won't be defining it
     8                                  import exit msvcrt.dll    ; exit is a function that ends the calling process. It is defined in msvcrt.dll
     9                                                            ; msvcrt.dll contains exit, printf and all the other important C-runtime specific functions
    10                                  
    11                                  ; our data is declared here (the variables needed by our program)
    12                                  segment data use32 class=data
    13                                      ; ...
    14 00000000 0A00                        a dw 10
    15 00000002 1F00                        b dw 31
    16 00000004 0D00                        c dw 13
    17 00000006 0A00                        d dw 10
    18                                  ; our code starts here
    19                                  segment code use32 class=code
    20                                      start:
    21                                          ; ...
    22 00000000 66A1[00000000]                  mov ax,[a]
    23 00000006 660305[02000000]                add ax,[b]
    24 0000000D 660305[02000000]                add ax,[b]
    25 00000014 668B1D[04000000]                mov bx,[c]
    26 0000001B 662B1D[06000000]                sub bx,[d]
    27 00000022 6601D8                          add ax,bx
    28                                          ; exit(0)
    29 00000025 6A00                            push    dword 0      ; push the parameter for exit onto the stack
    30 00000027 FF15[00000000]                  call    [exit]       ; call exit to terminate the program
