     1                                  bits 32 ; assembling for the 32 bits architecture
     2                                  
     3                                  ; declare the EntryPoint (a label defining the very first instruction of the program)
     4                                  global start        
     5                                  
     6                                  ; declare external functions needed by our program
     7                                  extern exit               ; tell nasm that exit exists even if we won't be defining it
     8                                  import exit msvcrt.dll    ; exit is a function that ends the calling process. It is defined in msvcrt.dll
     9                                                            ; msvcrt.dll contains exit, printf and all the other important C-runtime specific functions
    10                                  
    11                                  ; our data is declared here (the variables needed by our program)
    12                                  segment data use32 class=data
    13                                      ; ...
    14 00000000 01                          a db 1 
    15 00000001 02                          b db 2
    16 00000002 05                          c db 5
    17 00000003 01                          d db 1
    18                                  
    19                                  ; our code starts here
    20                                  segment code use32 class=code
    21                                      start:
    22                                          ; ...
    23 00000000 A0[00000000]                    mov al,[a]
    24 00000005 0205[03000000]                  add al, [d]
    25 0000000B 8A1D[01000000]                  mov bl, [b]
    26 00000011 021D[03000000]                  add bl, [d]
    27 00000017 2805[02000000]                  sub [c],al
    28 0000001D 021D[02000000]                  add bl,[c]
    29                                      
    30                                          ; exit(0)
    31 00000023 6A00                            push    dword 0      ; push the parameter for exit onto the stack
    32 00000025 FF15[00000000]                  call    [exit]       ; call exit to terminate the program
